MATRIX V2 START 1779760535 Tue May 26 01:55:35 UTC 2026
START iperf3-tcp-1stream 1 1779760535
END iperf3-tcp-1stream 1 1779760596
START iperf3-tcp-1stream 2 1779760626
END iperf3-tcp-1stream 2 1779760687
START iperf3-tcp-1stream 3 1779760717
END iperf3-tcp-1stream 3 1779760777
START iperf3-tcp-1stream 4 1779760807
END iperf3-tcp-1stream 4 1779760867
START iperf3-tcp-1stream 5 1779760897
END iperf3-tcp-1stream 5 1779760957
START iperf3-tcp-8stream 1 1779760957
END iperf3-tcp-8stream 1 1779761017
START iperf3-tcp-8stream 2 1779761047
END iperf3-tcp-8stream 2 1779761108
START iperf3-tcp-8stream 3 1779761138
END iperf3-tcp-8stream 3 1779761198
START iperf3-tcp-8stream 4 1779761228
END iperf3-tcp-8stream 4 1779761288
START iperf3-tcp-8stream 5 1779761318
END iperf3-tcp-8stream 5 1779761378
START iperf3-tcp-16stream 1 1779761378
END iperf3-tcp-16stream 1 1779761438
START iperf3-tcp-16stream 2 1779761468
END iperf3-tcp-16stream 2 1779761529
START iperf3-tcp-16stream 3 1779761559
END iperf3-tcp-16stream 3 1779761619
START iperf3-tcp-16stream 4 1779761649
END iperf3-tcp-16stream 4 1779761709
START iperf3-tcp-16stream 5 1779761739
END iperf3-tcp-16stream 5 1779761799
START iperf3-udp-max 1 1779761799
END iperf3-udp-max 1 1779761860
START iperf3-udp-max 2 1779761890
END iperf3-udp-max 2 1779761950
START iperf3-udp-max 3 1779761980
END iperf3-udp-max 3 1779762040
START iperf3-udp-max 4 1779762070
END iperf3-udp-max 4 1779762130
START iperf3-udp-max 5 1779762160
END iperf3-udp-max 5 1779762220
START iperf3-udp-64b 1 1779762220
END iperf3-udp-64b 1 1779762281
START iperf3-udp-64b 2 1779762311
END iperf3-udp-64b 2 1779762371
START iperf3-udp-64b 3 1779762401
END iperf3-udp-64b 3 1779762461
START iperf3-udp-64b 4 1779762491
END iperf3-udp-64b 4 1779762551
START iperf3-udp-64b 5 1779762581
END iperf3-udp-64b 5 1779762641
START iperf3-udp-1400b 1 1779762641
END iperf3-udp-1400b 1 1779762702
START iperf3-udp-1400b 2 1779762732
END iperf3-udp-1400b 2 1779762792
START iperf3-udp-1400b 3 1779762822
END iperf3-udp-1400b 3 1779762882
START iperf3-udp-1400b 4 1779762912
END iperf3-udp-1400b 4 1779762972
START iperf3-udp-1400b 5 1779763002
END iperf3-udp-1400b 5 1779763062
START netperf-tcp-rr 1 1779763062
END netperf-tcp-rr 1 1779763123
START netperf-tcp-rr 2 1779763153
END netperf-tcp-rr 2 1779763213
START netperf-tcp-rr 3 1779763243
END netperf-tcp-rr 3 1779763303
START netperf-tcp-rr 4 1779763333
END netperf-tcp-rr 4 1779763393
START netperf-tcp-rr 5 1779763423
END netperf-tcp-rr 5 1779763483
START netperf-udp-rr 1 1779763483
END netperf-udp-rr 1 1779763544
START netperf-udp-rr 2 1779763574
END netperf-udp-rr 2 1779763634
START netperf-udp-rr 3 1779763664
END netperf-udp-rr 3 1779763724
START netperf-udp-rr 4 1779763754
END netperf-udp-rr 4 1779763814
START netperf-udp-rr 5 1779763844
END netperf-udp-rr 5 1779763904
START netperf-tcp-crr 1 1779763904
END netperf-tcp-crr 1 1779763968
START netperf-tcp-crr 2 1779763998
END netperf-tcp-crr 2 1779764063
START netperf-tcp-crr 3 1779764093
END netperf-tcp-crr 3 1779764157
START netperf-tcp-crr 4 1779764187
END netperf-tcp-crr 4 1779764251
START netperf-tcp-crr 5 1779764281
END netperf-tcp-crr 5 1779764345
START netperf-tcp-stream 1 1779764345
END netperf-tcp-stream 1 1779764405
START netperf-tcp-stream 2 1779764435
END netperf-tcp-stream 2 1779764496
START netperf-tcp-stream 3 1779764526
END netperf-tcp-stream 3 1779764586
START netperf-tcp-stream 4 1779764616
END netperf-tcp-stream 4 1779764676
START netperf-tcp-stream 5 1779764706
END netperf-tcp-stream 5 1779764766
MATRIX V2 END 1779764766 Tue May 26 03:06:06 UTC 2026
