[11:44:07] Bench pod net1 IPs: client=10.100.0.4 server=10.100.0.19
[11:44:07] ping check
[11:44:10]   ✓ pod→pod reachable on VPC-OVN
[11:44:10] Cleaning prior servers
[11:44:12] Starting servers (bound to 10.100.0.19)
[11:44:18] Servers running
[11:44:18] ===== Pod-to-pod VPC-OVN benchmark matrix (5 runs × 60s, ~80 min) =====
[11:44:18] === Round 1 / 5 ===
[11:44:18]   ▶ iperf3-tcp-1stream run1
[11:45:49]   ▶ iperf3-tcp-8stream run1
[11:47:21]   ▶ iperf3-tcp-16stream run1
[11:48:52]   ▶ iperf3-udp-max run1
[11:50:24]   ▶ iperf3-udp-64b run1
[11:51:56]   ▶ iperf3-udp-1400b run1
[11:53:28]   ▶ netperf-tcp-rr run1
[11:54:59]   ▶ netperf-udp-rr run1
[11:56:31]   ▶ netperf-tcp-stream-1b run1
[11:58:03]   ▶ sockperf-pingpong run1
[11:59:37]   ▶ netperf-tcp-crr run1
[12:01:12] === Round 2 / 5 ===
[12:01:12]   ▶ iperf3-tcp-1stream run2
[12:02:43]   ▶ iperf3-tcp-8stream run2
[12:04:14]   ▶ iperf3-tcp-16stream run2
[12:05:45]   ▶ iperf3-udp-max run2
[12:07:17]   ▶ iperf3-udp-64b run2
[12:08:48]   ▶ iperf3-udp-1400b run2
[12:10:19]   ▶ netperf-tcp-rr run2
[12:11:50]   ▶ netperf-udp-rr run2
[12:13:21]   ▶ netperf-tcp-stream-1b run2
[12:14:52]   ▶ sockperf-pingpong run2
[12:16:25]   ▶ netperf-tcp-crr run2
[12:18:00] === Round 3 / 5 ===
[12:18:00]   ▶ iperf3-tcp-1stream run3
[12:19:31]   ▶ iperf3-tcp-8stream run3
[12:21:02]   ▶ iperf3-tcp-16stream run3
[12:22:34]   ▶ iperf3-udp-max run3
[12:24:05]   ▶ iperf3-udp-64b run3
[12:25:36]   ▶ iperf3-udp-1400b run3
[12:27:07]   ▶ netperf-tcp-rr run3
[12:28:38]   ▶ netperf-udp-rr run3
[12:30:09]   ▶ netperf-tcp-stream-1b run3
[12:31:40]   ▶ sockperf-pingpong run3
[12:33:13]   ▶ netperf-tcp-crr run3
[12:34:49] === Round 4 / 5 ===
[12:34:49]   ▶ iperf3-tcp-1stream run4
[12:36:20]   ▶ iperf3-tcp-8stream run4
[12:37:51]   ▶ iperf3-tcp-16stream run4
[12:39:22]   ▶ iperf3-udp-max run4
[12:40:53]   ▶ iperf3-udp-64b run4
[12:42:24]   ▶ iperf3-udp-1400b run4
[12:43:55]   ▶ netperf-tcp-rr run4
[12:45:26]   ▶ netperf-udp-rr run4
[12:46:57]   ▶ netperf-tcp-stream-1b run4
[12:48:28]   ▶ sockperf-pingpong run4
[12:50:02]   ▶ netperf-tcp-crr run4
[12:51:37] === Round 5 / 5 ===
[12:51:37]   ▶ iperf3-tcp-1stream run5
[12:53:08]   ▶ iperf3-tcp-8stream run5
[12:54:39]   ▶ iperf3-tcp-16stream run5
[12:56:10]   ▶ iperf3-udp-max run5
[12:57:41]   ▶ iperf3-udp-64b run5
[12:59:12]   ▶ iperf3-udp-1400b run5
[13:00:43]   ▶ netperf-tcp-rr run5
[13:02:14]   ▶ netperf-udp-rr run5
[13:03:45]   ▶ netperf-tcp-stream-1b run5
[13:05:16]   ▶ sockperf-pingpong run5
[13:06:50]   ▶ netperf-tcp-crr run5
[13:08:25] ===== Stopping servers =====
[13:08:26] ===== DONE =====
[13:08:26] Results in /home/ubuntu/dpf_testing_scenarios/results/dpf-ovn-accelerated (file count: 111)
[13:08:26] Results in /home/ubuntu/dpf_testing_scenarios/results/dpf-ovn-accelerated (file count: 111)
